#-----------------------------------------------------------
# Vivado v2018.2 (64-bit)
# SW Build 2258646 on Thu Jun 14 20:03:12 MDT 2018
# IP Build 2256618 on Thu Jun 14 22:10:49 MDT 2018
# Start of session at: Wed Nov 14 20:22:48 2018
# Process ID: 8400
# Current directory: C:/Users/Chris/Documents/GitHub/CECS361/VGA
# Command line: vivado.exe -gui_launcher_event rodinguilauncherevent4696 C:\Users\Chris\Documents\GitHub\CECS361\VGA\VGA.xpr
# Log file: C:/Users/Chris/Documents/GitHub/CECS361/VGA/vivado.log
# Journal file: C:/Users/Chris/Documents/GitHub/CECS361/VGA\vivado.jou
#-----------------------------------------------------------
start_gui
open_project C:/Users/Chris/Documents/GitHub/CECS361/VGA/VGA.xpr
Scanning sources...
Finished scanning sources
INFO: [IP_Flow 19-234] Refreshing IP repositories
INFO: [IP_Flow 19-1704] No user IP repositories specified
INFO: [IP_Flow 19-2313] Loaded Vivado IP repository 'C:/Xilinx/Vivado/2018.2/data/ip'.
exit
INFO: [Common 17-206] Exiting Vivado at Wed Nov 14 20:25:57 2018...
