#-----------------------------------------------------------
# Vivado v2018.2 (64-bit)
# SW Build 2258646 on Thu Jun 14 20:03:12 MDT 2018
# IP Build 2256618 on Thu Jun 14 22:10:49 MDT 2018
# Start of session at: Mon Dec 10 10:57:54 2018
# Process ID: 20608
# Current directory: C:/Users/Chris/Desktop/Github/CECS361/VGA
# Command line: vivado.exe -gui_launcher_event rodinguilauncherevent14100 C:\Users\Chris\Desktop\Github\CECS361\VGA\VGA.xpr
# Log file: C:/Users/Chris/Desktop/Github/CECS361/VGA/vivado.log
# Journal file: C:/Users/Chris/Desktop/Github/CECS361/VGA\vivado.jou
#-----------------------------------------------------------
start_gui
open_project C:/Users/Chris/Desktop/Github/CECS361/VGA/VGA.xpr
INFO: [Project 1-313] Project file moved from 'C:/Users/Chris/Documents/GitHub/CECS361/VGA' since last save.
Scanning sources...
Finished scanning sources
INFO: [IP_Flow 19-234] Refreshing IP repositories
INFO: [IP_Flow 19-1704] No user IP repositories specified
INFO: [IP_Flow 19-2313] Loaded Vivado IP repository 'C:/Xilinx/Vivado/2018.2/data/ip'.
open_project: Time (s): cpu = 00:00:15 ; elapsed = 00:00:11 . Memory (MB): peak = 767.730 ; gain = 79.477
reset_run synth_1
launch_runs synth_1 -jobs 2
[Mon Dec 10 11:00:58 2018] Launched synth_1...
Run output will be captured here: C:/Users/Chris/Desktop/Github/CECS361/VGA/VGA.runs/synth_1/runme.log
WARNING: [filemgmt 56-199] Attempt to get parsing info during refresh. "On-the-fly" syntax checking information may be incorrect. [C:/Users/Chris/Desktop/Github/CECS361/VGA/VGA.srcs/sources_1/new/top_module.v:]
WARNING: [filemgmt 56-199] Attempt to get parsing info during refresh. "On-the-fly" syntax checking information may be incorrect. [C:/Users/Chris/Desktop/Github/CECS361/VGA/VGA.srcs/sources_1/new/pixel_gen.v:]
set_property part xc7a100tcsg324-2 [current_project]
update_ip_catalog
reset_run synth_1
launch_runs synth_1 -jobs 2
[Mon Dec 10 11:03:13 2018] Launched synth_1...
Run output will be captured here: C:/Users/Chris/Desktop/Github/CECS361/VGA/VGA.runs/synth_1/runme.log
reset_run synth_1
launch_runs synth_1 -jobs 2
[Mon Dec 10 11:08:21 2018] Launched synth_1...
Run output will be captured here: C:/Users/Chris/Desktop/Github/CECS361/VGA/VGA.runs/synth_1/runme.log
create_run synth_2 -flow {Vivado Synthesis 2018} -strategy {Vivado Synthesis Defaults} -report_strategy {Vivado Synthesis Default Reports}
Run is defaulting to srcset: sources_1
Run is defaulting to constrset: constrs_1
Run is defaulting to part: xc7a100tcsg324-2
current_run [get_runs synth_2]
set_property part xc7a100tcsg324-1 [current_project]
update_ip_catalog
launch_runs synth_2 -jobs 2
[Mon Dec 10 11:13:49 2018] Launched synth_2...
Run output will be captured here: C:/Users/Chris/Desktop/Github/CECS361/VGA/VGA.runs/synth_2/runme.log
reset_run synth_2
exit
INFO: [Common 17-206] Exiting Vivado at Mon Dec 10 11:14:18 2018...
