#-----------------------------------------------------------
# Vivado v2018.2 (64-bit)
# SW Build 2258646 on Thu Jun 14 20:03:12 MDT 2018
# IP Build 2256618 on Thu Jun 14 22:10:49 MDT 2018
# Start of session at: Mon Sep 24 22:49:14 2018
# Process ID: 13448
# Current directory: C:/Users/Chris/Documents/GitHub/CECS361
# Command line: vivado.exe -gui_launcher_event rodinguilauncherevent8472 C:\Users\Chris\Documents\GitHub\CECS361\project_2.xpr
# Log file: C:/Users/Chris/Documents/GitHub/CECS361/vivado.log
# Journal file: C:/Users/Chris/Documents/GitHub/CECS361\vivado.jou
#-----------------------------------------------------------
start_gui
open_project C:/Users/Chris/Documents/GitHub/CECS361/project_2.xpr
INFO: [Project 1-313] Project file moved from 'C:/Users/Chris/Desktop/301Labs-master/project_2' since last save.
CRITICAL WARNING: [Project 1-311] Could not find the file 'C:/Users/Chris/Documents/GitHub/project_1/d_ff.v', nor could it be found using path 'C:/Users/Chris/Desktop/301Labs-master/project_1/d_ff.v'.
CRITICAL WARNING: [Project 1-311] Could not find the file 'C:/Users/Chris/Documents/GitHub/project_1/pos_edge_detect.v', nor could it be found using path 'C:/Users/Chris/Desktop/301Labs-master/project_1/pos_edge_detect.v'.
CRITICAL WARNING: [Project 1-311] Could not find the file 'C:/Users/Chris/Documents/GitHub/project_1/counter.v', nor could it be found using path 'C:/Users/Chris/Desktop/301Labs-master/project_1/counter.v'.
CRITICAL WARNING: [Project 1-311] Could not find the file 'C:/Users/Chris/Documents/GitHub/project_1/debounce.v', nor could it be found using path 'C:/Users/Chris/Desktop/301Labs-master/project_1/debounce.v'.
CRITICAL WARNING: [Project 1-311] Could not find the file 'C:/Users/Chris/Documents/GitHub/project_1/AISO.v', nor could it be found using path 'C:/Users/Chris/Desktop/301Labs-master/project_1/AISO.v'.
CRITICAL WARNING: [Project 1-311] Could not find the file 'C:/Users/Chris/Documents/GitHub/project_1/pulse_generator.v', nor could it be found using path 'C:/Users/Chris/Desktop/301Labs-master/project_1/pulse_generator.v'.
CRITICAL WARNING: [Project 1-311] Could not find the file 'C:/Users/Chris/Documents/GitHub/project_1/disp_cont.v', nor could it be found using path 'C:/Users/Chris/Desktop/301Labs-master/project_1/disp_cont.v'.
CRITICAL WARNING: [Project 1-311] Could not find the file 'C:/Users/Chris/Documents/GitHub/project_1/mux8_1.v', nor could it be found using path 'C:/Users/Chris/Desktop/301Labs-master/project_1/mux8_1.v'.
CRITICAL WARNING: [Project 1-311] Could not find the file 'C:/Users/Chris/Documents/GitHub/project_1/ss.v', nor could it be found using path 'C:/Users/Chris/Desktop/301Labs-master/project_1/ss.v'.
CRITICAL WARNING: [Project 1-311] Could not find the file 'C:/Users/Chris/Documents/GitHub/project_1/px_controller.v', nor could it be found using path 'C:/Users/Chris/Desktop/301Labs-master/project_1/px_controller.v'.
CRITICAL WARNING: [Project 1-311] Could not find the file 'C:/Users/Chris/Documents/GitHub/project_1/top_module.v', nor could it be found using path 'C:/Users/Chris/Desktop/301Labs-master/project_1/top_module.v'.
CRITICAL WARNING: [Project 1-311] Could not find the file 'C:/Users/Chris/Documents/GitHub/CECS361/import_ise_summary.txt', nor could it be found using path 'C:/Users/Chris/Desktop/301Labs-master/project_2/import_ise_summary.txt'.
CRITICAL WARNING: [Project 1-311] Could not find the file 'C:/Users/Chris/Documents/GitHub/CECS361/project_2.srcs/sim_1/new/Counter_test.v', nor could it be found using path 'C:/Users/Chris/Desktop/301Labs-master/project_2/project_2.srcs/sim_1/new/Counter_test.v'.
CRITICAL WARNING: [Project 1-311] Could not find the file 'C:/Users/Chris/Documents/GitHub/CECS361/project_2.srcs/sim_1/new/AISO_test.v', nor could it be found using path 'C:/Users/Chris/Desktop/301Labs-master/project_2/project_2.srcs/sim_1/new/AISO_test.v'.
Scanning sources...
Finished scanning sources
WARNING: [Project 1-509] GeneratedRun file for 'synth_1' not found
WARNING: [Project 1-509] GeneratedRun file for 'impl_1' not found
WARNING: [filemgmt 56-2] IPUserFilesDir: Could not find the directory 'C:/Users/Chris/Documents/GitHub/CECS361/project_2.ip_user_files', nor could it be found using path 'C:/Users/Chris/Desktop/301Labs-master/project_2/project_2.ip_user_files'.
INFO: [IP_Flow 19-234] Refreshing IP repositories
INFO: [IP_Flow 19-1704] No user IP repositories specified
INFO: [IP_Flow 19-2313] Loaded Vivado IP repository 'C:/Xilinx/Vivado/2018.2/data/ip'.
add_files {C:/Users/Chris/Documents/GitHub/CECS361/px_clk.v C:/Users/Chris/Documents/GitHub/CECS361/top_module.v C:/Users/Chris/Documents/GitHub/CECS361/counter.v C:/Users/Chris/Documents/GitHub/CECS361/disp_cont.v C:/Users/Chris/Documents/GitHub/CECS361/mux8_1.v C:/Users/Chris/Documents/GitHub/CECS361/pos_edge_detect.v C:/Users/Chris/Documents/GitHub/CECS361/px_controller.v C:/Users/Chris/Documents/GitHub/CECS361/pulse_generator.v C:/Users/Chris/Documents/GitHub/CECS361/c_tick1.v C:/Users/Chris/Documents/GitHub/CECS361/AISO.v C:/Users/Chris/Documents/GitHub/CECS361/d_ff.v C:/Users/Chris/Documents/GitHub/CECS361/debounce.v C:/Users/Chris/Documents/GitHub/CECS361/ss.v}
WARNING: [filemgmt 56-12] File 'C:/Users/Chris/Documents/GitHub/CECS361/c_tick1.v' cannot be added to the project because it already exists in the project, skipping this file
WARNING: [filemgmt 56-12] File 'C:/Users/Chris/Documents/GitHub/CECS361/debounce.v' cannot be added to the project because it already exists in the project, skipping this file
add_files -norecurse {C:/Users/Chris/Documents/GitHub/CECS361/px_clk.v C:/Users/Chris/Documents/GitHub/CECS361/top_module.v C:/Users/Chris/Documents/GitHub/CECS361/counter.v C:/Users/Chris/Documents/GitHub/CECS361/disp_cont.v C:/Users/Chris/Documents/GitHub/CECS361/mux8_1.v C:/Users/Chris/Documents/GitHub/CECS361/pos_edge_detect.v C:/Users/Chris/Documents/GitHub/CECS361/px_controller.v C:/Users/Chris/Documents/GitHub/CECS361/pulse_generator.v C:/Users/Chris/Documents/GitHub/CECS361/c_tick1.v C:/Users/Chris/Documents/GitHub/CECS361/AISO.v C:/Users/Chris/Documents/GitHub/CECS361/d_ff.v C:/Users/Chris/Documents/GitHub/CECS361/debounce.v C:/Users/Chris/Documents/GitHub/CECS361/ss.v}
WARNING: [filemgmt 56-12] File 'C:/Users/Chris/Documents/GitHub/CECS361/px_clk.v' cannot be added to the project because it already exists in the project, skipping this file
WARNING: [filemgmt 56-12] File 'C:/Users/Chris/Documents/GitHub/CECS361/top_module.v' cannot be added to the project because it already exists in the project, skipping this file
WARNING: [filemgmt 56-12] File 'C:/Users/Chris/Documents/GitHub/CECS361/counter.v' cannot be added to the project because it already exists in the project, skipping this file
WARNING: [filemgmt 56-12] File 'C:/Users/Chris/Documents/GitHub/CECS361/disp_cont.v' cannot be added to the project because it already exists in the project, skipping this file
WARNING: [filemgmt 56-12] File 'C:/Users/Chris/Documents/GitHub/CECS361/mux8_1.v' cannot be added to the project because it already exists in the project, skipping this file
WARNING: [filemgmt 56-12] File 'C:/Users/Chris/Documents/GitHub/CECS361/pos_edge_detect.v' cannot be added to the project because it already exists in the project, skipping this file
WARNING: [filemgmt 56-12] File 'C:/Users/Chris/Documents/GitHub/CECS361/px_controller.v' cannot be added to the project because it already exists in the project, skipping this file
WARNING: [filemgmt 56-12] File 'C:/Users/Chris/Documents/GitHub/CECS361/pulse_generator.v' cannot be added to the project because it already exists in the project, skipping this file
WARNING: [filemgmt 56-12] File 'C:/Users/Chris/Documents/GitHub/CECS361/c_tick1.v' cannot be added to the project because it already exists in the project, skipping this file
WARNING: [filemgmt 56-12] File 'C:/Users/Chris/Documents/GitHub/CECS361/AISO.v' cannot be added to the project because it already exists in the project, skipping this file
WARNING: [filemgmt 56-12] File 'C:/Users/Chris/Documents/GitHub/CECS361/d_ff.v' cannot be added to the project because it already exists in the project, skipping this file
WARNING: [filemgmt 56-12] File 'C:/Users/Chris/Documents/GitHub/CECS361/debounce.v' cannot be added to the project because it already exists in the project, skipping this file
WARNING: [filemgmt 56-12] File 'C:/Users/Chris/Documents/GitHub/CECS361/ss.v' cannot be added to the project because it already exists in the project, skipping this file
add_files -norecurse C:/Users/Chris/Documents/GitHub/CECS361/debounce.v
WARNING: [filemgmt 56-12] File 'C:/Users/Chris/Documents/GitHub/CECS361/debounce.v' cannot be added to the project because it already exists in the project, skipping this file
launch_runs impl_1 -to_step write_bitstream -jobs 4
[Mon Sep 24 22:53:57 2018] Launched synth_1...
Run output will be captured here: C:/Users/Chris/Documents/GitHub/CECS361/project_2.runs/synth_1/runme.log
[Mon Sep 24 22:53:57 2018] Launched impl_1...
Run output will be captured here: C:/Users/Chris/Documents/GitHub/CECS361/project_2.runs/impl_1/runme.log
exit
INFO: [Common 17-206] Exiting Vivado at Mon Sep 24 23:01:58 2018...
